  AnimationController.cpp
C:\Users\kaiku\OneDrive\デスクトップ\run\run\ObstructStatic.h(13,1): warning C4005: 'STAGE_SPACE_D': マクロが再定義されました。
C:\Users\kaiku\OneDrive\デスクトップ\run\run\StageManager.h(11): message : 'STAGE_SPACE_D' の以前の定義を確認してください
  AssetManager.cpp
C:\Users\kaiku\OneDrive\デスクトップ\run\run\ObstructStatic.h(13,1): warning C4005: 'STAGE_SPACE_D': マクロが再定義されました。
C:\Users\kaiku\OneDrive\デスクトップ\run\run\StageManager.h(11): message : 'STAGE_SPACE_D' の以前の定義を確認してください
  Camera.cpp
C:\Users\kaiku\OneDrive\デスクトップ\run\run\ObstructStatic.h(13,1): warning C4005: 'STAGE_SPACE_D': マクロが再定義されました。
C:\Users\kaiku\OneDrive\デスクトップ\run\run\StageManager.h(11): message : 'STAGE_SPACE_D' の以前の定義を確認してください
  Enemy.cpp
C:\Users\kaiku\OneDrive\デスクトップ\run\run\ObstructStatic.h(13,1): warning C4005: 'STAGE_SPACE_D': マクロが再定義されました。
C:\Users\kaiku\OneDrive\デスクトップ\run\run\StageManager.h(11): message : 'STAGE_SPACE_D' の以前の定義を確認してください
  Floor.cpp
C:\Users\kaiku\OneDrive\デスクトップ\run\run\ObstructStatic.h(13,1): warning C4005: 'STAGE_SPACE_D': マクロが再定義されました。
C:\Users\kaiku\OneDrive\デスクトップ\run\run\StageManager.h(11): message : 'STAGE_SPACE_D' の以前の定義を確認してください
  GameObject.cpp
C:\Users\kaiku\OneDrive\デスクトップ\run\run\ObstructStatic.h(13,1): warning C4005: 'STAGE_SPACE_D': マクロが再定義されました。
C:\Users\kaiku\OneDrive\デスクトップ\run\run\StageManager.h(11): message : 'STAGE_SPACE_D' の以前の定義を確認してください
  GameScene.cpp
C:\Users\kaiku\OneDrive\デスクトップ\run\run\ObstructStatic.h(13,1): warning C4005: 'STAGE_SPACE_D': マクロが再定義されました。
C:\Users\kaiku\OneDrive\デスクトップ\run\run\StageManager.h(11): message : 'STAGE_SPACE_D' の以前の定義を確認してください
  HitChecker.cpp
C:\Users\kaiku\OneDrive\デスクトップ\run\run\ObstructStatic.h(13,1): warning C4005: 'STAGE_SPACE_D': マクロが再定義されました。
C:\Users\kaiku\OneDrive\デスクトップ\run\run\StageManager.h(11): message : 'STAGE_SPACE_D' の以前の定義を確認してください
  main.cpp
C:\Users\kaiku\OneDrive\デスクトップ\run\run\ObstructStatic.h(13,1): warning C4005: 'STAGE_SPACE_D': マクロが再定義されました。
C:\Users\kaiku\OneDrive\デスクトップ\run\run\StageManager.h(11): message : 'STAGE_SPACE_D' の以前の定義を確認してください
C:\Users\kaiku\OneDrive\デスクトップ\run\run\main.cpp(55,8): warning C4101: 'buf': ローカル変数は 1 度も使われていません。
  Map.cpp
C:\Users\kaiku\OneDrive\デスクトップ\run\run\ObstructStatic.h(13,1): warning C4005: 'STAGE_SPACE_D': マクロが再定義されました。
C:\Users\kaiku\OneDrive\デスクトップ\run\run\StageManager.h(11): message : 'STAGE_SPACE_D' の以前の定義を確認してください
  Model.cpp
C:\Users\kaiku\OneDrive\デスクトップ\run\run\ObstructStatic.h(13,1): warning C4005: 'STAGE_SPACE_D': マクロが再定義されました。
C:\Users\kaiku\OneDrive\デスクトップ\run\run\StageManager.h(11): message : 'STAGE_SPACE_D' の以前の定義を確認してください
  pch.cpp
C:\Users\kaiku\OneDrive\デスクトップ\run\run\ObstructStatic.h(13,1): warning C4005: 'STAGE_SPACE_D': マクロが再定義されました。
C:\Users\kaiku\OneDrive\デスクトップ\run\run\StageManager.h(11): message : 'STAGE_SPACE_D' の以前の定義を確認してください
  ResultScene.cpp
C:\Users\kaiku\OneDrive\デスクトップ\run\run\ObstructStatic.h(13,1): warning C4005: 'STAGE_SPACE_D': マクロが再定義されました。
C:\Users\kaiku\OneDrive\デスクトップ\run\run\StageManager.h(11): message : 'STAGE_SPACE_D' の以前の定義を確認してください
  SceneBase.cpp
C:\Users\kaiku\OneDrive\デスクトップ\run\run\ObstructStatic.h(13,1): warning C4005: 'STAGE_SPACE_D': マクロが再定義されました。
C:\Users\kaiku\OneDrive\デスクトップ\run\run\StageManager.h(11): message : 'STAGE_SPACE_D' の以前の定義を確認してください
  SceneManager.cpp
C:\Users\kaiku\OneDrive\デスクトップ\run\run\ObstructStatic.h(13,1): warning C4005: 'STAGE_SPACE_D': マクロが再定義されました。
C:\Users\kaiku\OneDrive\デスクトップ\run\run\StageManager.h(11): message : 'STAGE_SPACE_D' の以前の定義を確認してください
  StageManager.cpp
C:\Users\kaiku\OneDrive\デスクトップ\run\run\ObstructStatic.h(13,1): warning C4005: 'STAGE_SPACE_D': マクロが再定義されました。
C:\Users\kaiku\OneDrive\デスクトップ\run\run\StageManager.h(11): message : 'STAGE_SPACE_D' の以前の定義を確認してください
  Player.cpp
C:\Users\kaiku\OneDrive\デスクトップ\run\run\ObstructStatic.h(13,1): warning C4005: 'STAGE_SPACE_D': マクロが再定義されました。
C:\Users\kaiku\OneDrive\デスクトップ\run\run\StageManager.h(11): message : 'STAGE_SPACE_D' の以前の定義を確認してください
  TitleScene.cpp
C:\Users\kaiku\OneDrive\デスクトップ\run\run\ObstructStatic.h(13,1): warning C4005: 'STAGE_SPACE_D': マクロが再定義されました。
C:\Users\kaiku\OneDrive\デスクトップ\run\run\StageManager.h(11): message : 'STAGE_SPACE_D' の以前の定義を確認してください
  Wall.cpp
C:\Users\kaiku\OneDrive\デスクトップ\run\run\ObstructStatic.h(13,1): warning C4005: 'STAGE_SPACE_D': マクロが再定義されました。
C:\Users\kaiku\OneDrive\デスクトップ\run\run\StageManager.h(11): message : 'STAGE_SPACE_D' の以前の定義を確認してください
  MyDxLibGame3D.vcxproj -> C:\Users\kaiku\OneDrive\デスクトップ\run\run\Debug\MyDxLibGame3D.exe
